2014/02/26 10:52:03 INFO  - jmeter.util.JMeterUtils: Setting Locale to zh_CN 
2014/02/26 10:52:03 INFO  - jmeter.JMeter: Loading user properties from: /home/ceprei/apache-jmeter-2.11/bin/user.properties 
2014/02/26 10:52:03 INFO  - jmeter.JMeter: Loading system properties from: /home/ceprei/apache-jmeter-2.11/bin/system.properties 
2014/02/26 10:52:03 INFO  - jmeter.JMeter: Copyright (c) 1998-2014 The Apache Software Foundation 
2014/02/26 10:52:03 INFO  - jmeter.JMeter: Version 2.11 r1554548 
2014/02/26 10:52:03 INFO  - jmeter.JMeter: java.version=1.7.0_25 
2014/02/26 10:52:03 INFO  - jmeter.JMeter: java.vm.name=OpenJDK 64-Bit Server VM 
2014/02/26 10:52:03 INFO  - jmeter.JMeter: os.name=Linux 
2014/02/26 10:52:03 INFO  - jmeter.JMeter: os.arch=amd64 
2014/02/26 10:52:03 INFO  - jmeter.JMeter: os.version=3.5.0-17-generic 
2014/02/26 10:52:03 INFO  - jmeter.JMeter: file.encoding=UTF-8 
2014/02/26 10:52:03 INFO  - jmeter.JMeter: Default Locale=中文 (中国) 
2014/02/26 10:52:03 INFO  - jmeter.JMeter: JMeter  Locale=中文 (中国) 
2014/02/26 10:52:03 INFO  - jmeter.JMeter: JMeterHome=/home/ceprei/apache-jmeter-2.11 
2014/02/26 10:52:03 INFO  - jmeter.JMeter: user.dir  =/home/ceprei/workspace/MinaServer 
2014/02/26 10:52:03 INFO  - jmeter.JMeter: PWD       =/home/ceprei/workspace/MinaServer 
2014/02/26 10:52:03 INFO  - jmeter.JMeter: IP: 127.0.1.1 Name: ceprei-ThinkCentre-XXXX FullName: ceprei-ThinkCentre-XXXX 
2014/02/26 10:52:03 INFO  - jmeter.JMeter: Loaded icon properties from org/apache/jmeter/images/icon.properties 
2014/02/26 10:52:04 INFO  - jmeter.engine.util.CompoundVariable: Note: Function class names must contain the string: '.functions.' 
2014/02/26 10:52:04 INFO  - jmeter.engine.util.CompoundVariable: Note: Function class names must not contain the string: '.gui.' 
2014/02/26 10:52:05 INFO  - jmeter.gui.action.LookAndFeelCommand: Using look and feel: javax.swing.plaf.metal.MetalLookAndFeel [Metal, CrossPlatform] 
2014/02/26 10:52:07 INFO  - jmeter.util.BSFTestElement: Registering JMeter version of JavaScript engine as work-round for BSF-22 
2014/02/26 10:52:07 INFO  - jmeter.protocol.http.sampler.HTTPSamplerBase: Cannot find .className property for htmlParser, using default 
2014/02/26 10:52:07 INFO  - jmeter.protocol.http.sampler.HTTPSamplerBase: Parser for text/html is  
2014/02/26 10:52:07 INFO  - jmeter.protocol.http.sampler.HTTPSamplerBase: Parser for application/xhtml+xml is  
2014/02/26 10:52:07 INFO  - jmeter.protocol.http.sampler.HTTPSamplerBase: Parser for application/xml is  
2014/02/26 10:52:07 INFO  - jmeter.protocol.http.sampler.HTTPSamplerBase: Parser for text/xml is  
2014/02/26 10:52:07 INFO  - jmeter.protocol.http.sampler.HTTPSamplerBase: Parser for text/vnd.wap.wml is org.apache.jmeter.protocol.http.parser.RegexpHTMLParser 
2014/02/26 10:52:07 INFO  - jmeter.gui.util.MenuFactory: Skipping org.apache.jmeter.protocol.http.control.gui.WebServiceSamplerGui 
2014/02/26 10:52:07 INFO  - jmeter.gui.util.MenuFactory: Skipping org.apache.jmeter.protocol.http.modifier.gui.ParamModifierGui 
2014/02/26 10:52:08 INFO  - jorphan.exec.KeyToolUtils: keytool found at 'keytool' 
2014/02/26 10:52:08 INFO  - jmeter.protocol.http.proxy.ProxyControl: HTTP(S) Test Script Recorder SSL Proxy will use keys that support embedded 3rd party resources in file /home/ceprei/apache-jmeter-2.11/bin/proxyserver.jks 
2014/02/26 10:52:08 INFO  - jmeter.samplers.SampleResult: Note: Sample TimeStamps are START times 
2014/02/26 10:52:08 INFO  - jmeter.samplers.SampleResult: sampleresult.default.encoding is set to ISO-8859-1 
2014/02/26 10:52:08 INFO  - jmeter.samplers.SampleResult: sampleresult.useNanoTime=true 
2014/02/26 10:52:08 INFO  - jmeter.samplers.SampleResult: sampleresult.nanoThreadSleep=5000 
